Bewear Мишаня из команды белых вступает в бой!
Eelektrik Электоугорь из команды зеленых вступает в бой!
Bewear Мишаня думает: бой боем, а сон по расписанию!. 
Bewear Мишаня засыпает
Bewear Мишаня восстанавливает 201 здоровья.

Eelektrik Электоугорь звонит Зевсу, чтоб вызвать удар молнией. 
Bewear Мишаня парализован

Bewear Мишаня использует клинок ассасина. 
Критический удар!
Eelektrik Электоугорь теряет 130 здоровья.
Bewear Мишаня теряет 43 здоровья.

Eelektrik Электоугорь звонит Зевсу, чтоб вызвать удар молнией. 

Bewear Мишаня обрушает камнепад. 
Критический удар!
Eelektrik Электоугорь теряет 73 здоровья.
Eelektrik Электоугорь теряет сознание.
Eelektross Lohness monster из команды зеленых вступает в бой!
Bewear Мишаня чешет коготком. 
Критический удар!
Eelektross Lohness monster теряет 2057 здоровья.
Eelektross Lohness monster теряет сознание.
Tynamo Рыбка из команды зеленых вступает в бой!
Bewear Мишаня думает: бой боем, а сон по расписанию!. 
Bewear Мишаня засыпает
Bewear Мишаня восстанавливает 201 здоровья.

Tynamo Рыбка звонит Зевсу, чтоб вызвать удар молнией. 
Bewear Мишаня парализован

Tynamo Рыбка звонит Зевсу, чтоб вызвать удар молнией. 


Bewear Мишаня использует клинок ассасина. 
Критический удар!
Tynamo Рыбка теряет 2098 здоровья.
Bewear Мишаня теряет 699 здоровья.
Оба покемона теряют сознание.
В команде зеленых не осталось покемонов.
Команда белых побеждает в этом бою!
