\BOOKMARK [1][-]{section.1}{\376\377\004\022\004\062\004\065\004\064\004\065\004\075\004\070\004\065}{}% 1
\BOOKMARK [2][-]{subsection.1.1}{\376\377\004\047\004\102\004\076\000\040\004\102\004\060\004\072\004\076\004\065\000\040\004\070\004\075\004\102\004\065\004\100\004\077\004\076\004\073\004\117\004\106\004\070\004\117}{section.1}% 2
\BOOKMARK [2][-]{subsection.1.2}{\376\377\004\027\004\060\004\107\004\065\004\074\000\040\004\115\004\102\004\076\000\040\004\075\004\103\004\066\004\075\004\076}{section.1}% 3
\BOOKMARK [2][-]{subsection.1.3}{\376\377\004\030\004\075\004\102\004\065\004\100\004\077\004\076\004\073\004\117\004\106\004\070\004\117\000\040\004\070\000\040\004\115\004\072\004\101\004\102\004\100\004\060\004\077\004\076\004\073\004\117\004\106\004\070\004\117}{section.1}% 4
\BOOKMARK [2][-]{subsection.1.4}{\376\377\004\030\004\075\004\102\004\065\004\100\004\077\004\076\004\073\004\117\004\106\004\070\004\117\000\040\004\070\000\040\004\060\004\077\004\077\004\100\004\076\004\072\004\101\004\070\004\074\004\060\004\106\004\070\004\117}{section.1}% 5
\BOOKMARK [2][-]{subsection.1.5}{\376\377\004\030\004\075\004\102\004\065\004\100\004\077\004\076\004\073\004\117\004\106\004\070\004\076\004\075\004\075\004\113\004\071\000\040\004\077\004\076\004\073\004\070\004\075\004\076\004\074}{section.1}% 6
\BOOKMARK [1][-]{section.2}{\376\377\004\036\004\061\004\111\004\070\004\065\000\040\004\102\004\065\004\100\004\074\004\070\004\075\004\113}{}% 7
\BOOKMARK [2][-]{subsection.2.1}{\376\377\004\043\004\067\004\073\004\113\000\040\004\070\000\040\004\100\004\060\004\062\004\075\004\076\004\074\004\065\004\100\004\075\004\060\004\117\000\040\004\101\004\065\004\102\004\072\004\060}{section.2}% 8
\BOOKMARK [2][-]{subsection.2.2}{\376\377\004\040\004\060\004\067\004\064\004\065\004\073\004\121\004\075\004\075\004\113\004\065\000\040\004\100\004\060\004\067\004\075\004\076\004\101\004\102\004\070}{section.2}% 9
\BOOKMARK [2][-]{subsection.2.3}{\376\377\004\032\004\076\004\075\004\065\004\107\004\075\004\113\004\065\000\040\004\100\004\060\004\067\004\075\004\076\004\101\004\102\004\070}{section.2}% 10
\BOOKMARK [2][-]{subsection.2.4}{\376\377\004\037\004\060\004\100\004\060\004\074\004\065\004\102\004\100\000\040\000t}{section.2}% 11
\BOOKMARK [1][-]{section.3}{\376\377\004\034\004\075\004\076\004\063\004\076\004\107\004\073\004\065\004\075\000\040\004\033\004\060\004\063\004\100\004\060\004\075\004\066\004\060}{}% 12
\BOOKMARK [2][-]{subsection.3.1}{\376\377\004\030\004\064\004\065\004\117\000,\000\040\004\104\004\076\004\100\004\074\004\103\004\073\004\060\000\040\004\070\000\040\004\077\004\100\004\070\004\074\004\065\004\075\004\065\004\075\004\070\004\065}{section.3}% 13
\BOOKMARK [2][-]{subsection.3.2}{\376\377\004\036\004\063\004\100\004\060\004\075\004\070\004\107\004\065\004\075\004\070\004\117\000\040\004\070\000\040\004\103\004\107\004\065\004\061\004\075\004\060\004\117\000\040\004\106\004\065\004\075\004\075\004\076\004\101\004\102\004\114}{section.3}% 14
\BOOKMARK [2][-]{subsection.3.3}{\376\377\004\037\004\076\004\110\004\060\004\063\004\076\004\062\004\113\004\071\000\040\004\077\004\100\004\070\004\074\004\065\004\100\000\040\004\101\000\040\004\062\004\113\004\107\004\070\004\101\004\073\004\065\004\075\004\070\004\117\004\074\004\070}{section.3}% 15
\BOOKMARK [1][-]{section.4}{\376\377\004\034\004\075\004\076\004\063\004\076\004\107\004\073\004\065\004\075\000\040\004\035\004\114\004\116\004\102\004\076\004\075\004\060}{}% 16
\BOOKMARK [2][-]{subsection.4.1}{\376\377\004\030\004\064\004\065\004\117\000\040\004\070\000\040\004\104\004\076\004\100\004\074\004\113\000\040\004\067\004\060\004\077\004\070\004\101\004\070}{section.4}% 17
\BOOKMARK [2][-]{subsection.4.2}{\376\377\004\044\004\076\004\100\004\074\004\060\000\040\004\107\004\065\004\100\004\065\004\067\000\040\004\072\004\076\004\075\004\065\004\107\004\075\004\113\004\065\000\040\004\100\004\060\004\067\004\075\004\076\004\101\004\102\004\070\000\040\004\070\000\040\004\062\004\113\004\061\004\076\004\100\000\040\004\075\004\060\004\077\004\100\004\060\004\062\004\073\004\065\004\075\004\070\004\117}{section.4}% 18
\BOOKMARK [2][-]{subsection.4.3}{\376\377\004\036\004\063\004\100\004\060\004\075\004\070\004\107\004\065\004\075\004\070\004\065\000\040\004\075\004\060\000\040\004\101\004\065\004\102\004\072\004\103}{section.4}% 19
\BOOKMARK [2][-]{subsection.4.4}{\376\377\004\037\004\076\004\110\004\060\004\063\004\076\004\062\004\113\004\071\000\040\004\077\004\100\004\070\004\074\004\065\004\100\000\040\004\101\000\040\004\102\004\060\004\061\004\073\004\070\004\106\004\065\004\071\000\040\004\070\000\040\004\062\004\113\004\107\004\070\004\101\004\073\004\065\004\075\004\070\004\117\004\074\004\070}{section.4}% 20
\BOOKMARK [1][-]{section.5}{\376\377\004\046\004\065\004\075\004\102\004\100\004\060\004\073\004\114\004\075\004\113\004\065\000\040\004\104\004\076\004\100\004\074\004\103\004\073\004\113\000:\000\040\004\023\004\060\004\103\004\101\004\101}{}% 21
\BOOKMARK [2][-]{subsection.5.1}{\376\377\004\030\004\064\004\065\004\117\000\040\004\070\000\040\004\104\004\076\004\100\004\074\004\103\004\073\004\060}{section.5}% 22
\BOOKMARK [2][-]{subsection.5.2}{\376\377\004\032\004\076\004\063\004\064\004\060\000\040\004\070\000\040\004\077\004\076\004\107\004\065\004\074\004\103\000\040\004\077\004\100\004\070\004\074\004\065\004\075\004\117\004\102\004\114}{section.5}% 23
\BOOKMARK [1][-]{section.6}{\376\377\004\046\004\065\004\075\004\102\004\100\004\060\004\073\004\114\004\075\004\113\004\065\000\040\004\104\004\076\004\100\004\074\004\103\004\073\004\113\000:\000\040\004\041\004\102\004\070\004\100\004\073\004\070\004\075\004\063}{}% 24
\BOOKMARK [2][-]{subsection.6.1}{\376\377\004\030\004\064\004\065\004\117\000,\000\040\004\104\004\076\004\100\004\074\004\103\004\073\004\060\000\040\004\070\000\040\004\077\004\100\004\070\004\074\004\065\004\075\004\065\004\075\004\070\004\065}{section.6}% 25
\BOOKMARK [2][-]{subsection.6.2}{\376\377\004\032\004\076\004\063\004\064\004\060\000\040\004\070\000\040\004\077\004\076\004\107\004\065\004\074\004\103\000\040\004\077\004\100\004\070\004\074\004\065\004\075\004\117\004\102\004\114}{section.6}% 26
\BOOKMARK [1][-]{section.7}{\376\377\004\046\004\065\004\075\004\102\004\100\004\060\004\073\004\114\004\075\004\113\004\065\000\040\004\104\004\076\004\100\004\074\004\103\004\073\004\113\000:\000\040\004\021\004\065\004\101\004\101\004\065\004\073\004\114}{}% 27
\BOOKMARK [2][-]{subsection.7.1}{\376\377\004\030\004\064\004\065\004\117\000,\000\040\004\104\004\076\004\100\004\074\004\103\004\073\004\060\000\040\004\070\000\040\004\077\004\100\004\070\004\074\004\065\004\075\004\065\004\075\004\070\004\065}{section.7}% 28
\BOOKMARK [2][-]{subsection.7.2}{\376\377\004\032\004\076\004\063\004\064\004\060\000\040\004\070\000\040\004\077\004\076\004\107\004\065\004\074\004\103\000\040\004\077\004\100\004\070\004\074\004\065\004\075\004\117\004\102\004\114}{section.7}% 29
\BOOKMARK [1][-]{section.8}{\376\377\004\030\004\075\004\102\004\065\004\100\004\077\004\076\004\073\004\117\004\106\004\070\004\117\000\040\004\101\004\077\004\073\004\060\004\071\004\075\004\060\004\074\004\070}{}% 30
\BOOKMARK [2][-]{subsection.8.1}{\376\377\004\041\004\074\004\113\004\101\004\073}{section.8}% 31
\BOOKMARK [2][-]{subsection.8.2}{\376\377\004\032\004\103\004\061\004\070\004\107\004\065\004\101\004\072\004\070\004\065\000\040\004\101\004\077\004\073\004\060\004\071\004\075\004\113}{section.8}% 32
\BOOKMARK [2][-]{subsection.8.3}{\376\377\004\037\004\076\004\107\004\065\004\074\004\103\000\040\004\115\004\102\004\076\000\040\004\103\004\064\004\076\004\061\004\075\004\076}{section.8}% 33
\BOOKMARK [2][-]{subsection.8.4}{\376\377\004\037\004\076\004\107\004\065\004\074\004\103\000\040\004\101\004\077\004\073\004\060\004\071\004\075\000\040\004\073\004\103\004\107\004\110\004\065\000\040\004\063\004\073\004\076\004\061\004\060\004\073\004\114\004\075\004\076\004\063\004\076\000\040\004\077\004\076\004\073\004\070\004\075\004\076\004\074\004\060\000\040\004\075\004\060\000\040\004\077\004\100\004\060\004\072\004\102\004\070\004\072\004\065}{section.8}% 34
\BOOKMARK [2][-]{subsection.8.5}{\376\377\004\023\004\100\004\060\004\104\004\070\004\107\004\065\004\101\004\072\004\060\004\117\000\040\004\070\004\073\004\073\004\116\004\101\004\102\004\100\004\060\004\106\004\070\004\117}{section.8}% 35
\BOOKMARK [2][-]{subsection.8.6}{\376\377\004\023\004\073\004\076\004\061\004\060\004\073\004\114\004\075\004\060\004\117\000\040\004\070\000\040\004\073\004\076\004\072\004\060\004\073\004\114\004\075\004\060\004\117\000\040\004\070\004\075\004\102\004\065\004\100\004\077\004\076\004\073\004\117\004\106\004\070\004\117}{section.8}% 36
\BOOKMARK [1][-]{section.9}{\376\377\004\047\004\070\004\101\004\073\004\065\004\075\004\075\004\113\004\065\000\040\004\077\004\100\004\070\004\074\004\065\004\100\004\113}{}% 37
\BOOKMARK [2][-]{subsection.9.1}{\376\377\004\037\004\100\004\070\004\074\004\065\004\100\000\040\004\064\004\073\004\117\000\040\004\033\004\060\004\063\004\100\004\060\004\075\004\066\004\060\000\040\004\070\000\040\004\035\004\114\004\116\004\102\004\076\004\075\004\060}{section.9}% 38
\BOOKMARK [2][-]{subsection.9.2}{\376\377\004\037\004\100\004\070\004\074\004\065\004\100\000\040\004\064\004\073\004\117\000\040\004\106\004\065\004\075\004\102\004\100\004\060\004\073\004\114\004\075\004\113\004\105\000\040\004\074\004\065\004\102\004\076\004\064\004\076\004\062}{section.9}% 39
\BOOKMARK [2][-]{subsection.9.3}{\376\377\004\037\004\100\004\070\004\074\004\065\004\100\000\040\004\101\004\077\004\073\004\060\004\071\004\075\004\060}{section.9}% 40
\BOOKMARK [1][-]{section.10}{\376\377\004\041\004\100\004\060\004\062\004\075\004\065\004\075\004\070\004\065\000\040\004\074\004\065\004\102\004\076\004\064\004\076\004\062}{}% 41
\BOOKMARK [2][-]{subsection.10.1}{\376\377\004\032\004\060\004\072\000\040\004\062\004\113\004\061\004\100\004\060\004\102\004\114\000\040\004\074\004\065\004\102\004\076\004\064\000\040\004\077\004\076\000\040\004\101\004\070\004\102\004\103\004\060\004\106\004\070\004\070}{section.10}% 42
\BOOKMARK [1][-]{section.11}{\376\377\004\036\004\102\004\062\004\065\004\102\004\113\000\040\004\075\004\060\000\040\0001\0007\000\040\004\072\004\076\004\075\004\102\004\100\004\076\004\073\004\114\004\075\004\113\004\105\000\040\004\062\004\076\004\077\004\100\004\076\004\101\004\076\004\062}{}% 43
\BOOKMARK [1][-]{section.12}{\376\377\004\036\004\061\004\112\004\117\004\101\004\075\004\065\004\075\004\070\004\065\000\040\004\072\004\076\004\064\004\060}{}% 44
\BOOKMARK [2][-]{subsection.12.1}{\376\377\000L\000a\000g\000r\000a\000n\000z\000h\000S\000o\000l\000v\000e\000r\000.\000k\000t\000\040\040\024\000\040\004\100\004\065\004\060\004\073\004\070\004\067\004\060\004\106\004\070\004\117\000\040\004\074\004\065\004\102\004\076\004\064\004\060\000\040\004\033\004\060\004\063\004\100\004\060\004\075\004\066\004\060}{section.12}% 45
\BOOKMARK [2][-]{subsection.12.2}{\376\377\000N\000e\000w\000t\000o\000n\000S\000o\000l\000v\000e\000r\000.\000k\000t\000\040\040\024\000\040\004\077\004\076\004\101\004\073\004\065\004\064\004\076\004\062\004\060\004\102\004\065\004\073\004\114\004\075\004\076\004\065\000\040\004\077\004\076\004\101\004\102\004\100\004\076\004\065\004\075\004\070\004\065\000\040\004\077\004\076\004\073\004\070\004\075\004\076\004\074\004\060}{section.12}% 46
\BOOKMARK [2][-]{subsection.12.3}{\376\377\000G\000a\000u\000s\000s\000S\000o\000l\000v\000e\000r\000.\000k\000t\000\040\040\024\000\040\004\106\004\065\004\075\004\102\004\100\004\060\004\073\004\114\004\075\004\060\004\117\000\040\004\070\004\075\004\102\004\065\004\100\004\077\004\076\004\073\004\117\004\106\004\070\004\117}{section.12}% 47
\BOOKMARK [2][-]{subsection.12.4}{\376\377\000S\000t\000i\000r\000l\000i\000n\000g\000S\000o\000l\000v\000e\000r\000.\000k\000t\000\040\040\024\000\040\004\101\004\070\004\074\004\074\004\065\004\102\004\100\004\070\004\107\004\075\004\060\004\117\000\040\004\106\004\065\004\075\004\102\004\100\004\060\004\073\004\114\004\075\004\060\004\117\000\040\004\104\004\076\004\100\004\074\004\103\004\073\004\060}{section.12}% 48
\BOOKMARK [2][-]{subsection.12.5}{\376\377\000B\000e\000s\000s\000e\000l\000S\000o\000l\000v\000e\000r\000.\000k\000t\000\040\040\024\000\040\004\070\004\075\004\102\004\065\004\100\004\077\004\076\004\073\004\117\004\106\004\070\004\117\000\040\004\074\004\065\004\066\004\064\004\103\000\040\004\064\004\062\004\103\004\074\004\117\000\040\004\106\004\065\004\075\004\102\004\100\004\060\004\074\004\070}{section.12}% 49
\BOOKMARK [2][-]{subsection.12.6}{\376\377\004\036\004\061\004\111\004\070\004\071\000\040\004\070\004\075\004\102\004\065\004\100\004\104\004\065\004\071\004\101\000\040\004\070\000\040\004\062\004\101\004\077\004\076\004\074\004\076\004\063\004\060\004\102\004\065\004\073\004\114\004\075\004\113\004\065\000\040\004\074\004\065\004\102\004\076\004\064\004\113}{section.12}% 50
\BOOKMARK [1][-]{section.13}{\376\377\004\041\004\105\004\065\004\074\004\060\004\102\004\070\004\107\004\075\004\113\004\065\000\040\004\070\004\073\004\073\004\116\004\101\004\102\004\100\004\060\004\106\004\070\004\070}{}% 51
\BOOKMARK [2][-]{subsection.13.1}{\376\377\004\030\004\075\004\102\004\065\004\100\004\077\004\076\004\073\004\117\004\106\004\070\004\117\000\040\004\107\004\065\004\100\004\065\004\067\000\040\004\102\004\076\004\107\004\072\004\070}{section.13}% 52
\BOOKMARK [2][-]{subsection.13.2}{\376\377\004\030\004\064\004\065\004\117\000\040\004\073\004\076\004\072\004\060\004\073\004\114\004\075\004\076\004\071\000\040\004\070\004\075\004\102\004\065\004\100\004\077\004\076\004\073\004\117\004\106\004\070\004\070}{section.13}% 53
